[ 2017-03-26T02:21:21+08:00 ] 127.0.0.1 127.0.0.1 GET /
[ log ] 002.com:8080/ [运行时间：0.038419s][吞吐率：26.03req/s] [内存消耗：428.01kb] [文件加载：52]
[ info ] [ LANG ] /home/lxx/lamp/apps/002/thinkphp/lang/zh-cn.php
[ info ] [ ROUTE ] array (
  'type' => 'module',
  'module' => 
  array (
    0 => '',
    1 => NULL,
    2 => NULL,
  ),
)
[ info ] [ HEADER ] array (
  'host' => '002.com:8080',
  'user-agent' => 'Mozilla/5.0 (X11; Linux x86_64; rv:45.0) Gecko/20100101 Firefox/45.0',
  'accept' => 'text/html,application/xhtml+xml,application/xml;q=0.9,*/*;q=0.8',
  'accept-language' => 'zh-CN,zh;q=0.8,en-US;q=0.5,en;q=0.3',
  'accept-encoding' => 'gzip, deflate',
  'connection' => 'keep-alive',
)
[ info ] [ PARAM ] array (
)
[ info ] [ RUN ] app\index\controller\Index->index[ /home/lxx/lamp/apps/002/application/index/controller/Index.php ]
[ info ] [ VIEW ] /home/lxx/lamp/apps/002/htdocs/../application/index/view/index/index.html [ array (
  0 => 'copyright',
  1 => 'beian',
  2 => 'beian_url',
  3 => 'slide_background',
) ]
[ info ] [ LOG ] INIT File

---------------------------------------------------------------
[ 2017-03-26T02:21:33+08:00 ] 127.0.0.1 127.0.0.1 GET /static/index/js/maps/swiper.jquery.min.js.map
[ log ] 002.com:8080/static/index/js/maps/swiper.jquery.min.js.map [运行时间：0.005406s][吞吐率：184.97req/s] [内存消耗：279.61kb] [文件加载：45]
[ info ] [ LANG ] /home/lxx/lamp/apps/002/thinkphp/lang/zh-cn.php
[ info ] [ ROUTE ] array (
  'type' => 'module',
  'module' => 
  array (
    0 => 'static',
    1 => 'index',
    2 => 'js',
  ),
)
[ info ] [ HEADER ] array (
  'host' => '002.com:8080',
  'user-agent' => 'Mozilla/5.0 (X11; Linux x86_64; rv:45.0) Gecko/20100101 Firefox/45.0',
  'accept' => 'text/html,application/xhtml+xml,application/xml;q=0.9,*/*;q=0.8',
  'accept-language' => 'zh-CN,zh;q=0.8,en-US;q=0.5,en;q=0.3',
  'accept-encoding' => 'gzip, deflate',
  'cookie' => 'thinkphp_show_page_trace=0|0',
  'connection' => 'keep-alive',
  'pragma' => 'no-cache',
  'cache-control' => 'no-cache',
)
[ info ] [ PARAM ] array (
  'maps' => 'swiper.jquery.min.js.map',
)
[ info ] [ LOG ] INIT File

---------------------------------------------------------------
[ 2017-03-26T02:22:13+08:00 ] 127.0.0.1 127.0.0.1 GET /
[ log ] 002.com:8080/ [运行时间：0.003856s][吞吐率：259.32req/s] [内存消耗：360.61kb] [文件加载：50]
[ info ] [ LANG ] /home/lxx/lamp/apps/002/thinkphp/lang/zh-cn.php
[ info ] [ ROUTE ] array (
  'type' => 'module',
  'module' => 
  array (
    0 => '',
    1 => NULL,
    2 => NULL,
  ),
)
[ info ] [ HEADER ] array (
  'host' => '002.com:8080',
  'user-agent' => 'Mozilla/5.0 (X11; Linux x86_64; rv:45.0) Gecko/20100101 Firefox/45.0',
  'accept' => 'text/html,application/xhtml+xml,application/xml;q=0.9,*/*;q=0.8',
  'accept-language' => 'zh-CN,zh;q=0.8,en-US;q=0.5,en;q=0.3',
  'accept-encoding' => 'gzip, deflate',
  'cookie' => 'thinkphp_show_page_trace=0|0',
  'connection' => 'keep-alive',
  'cache-control' => 'max-age=0',
)
[ info ] [ PARAM ] array (
)
[ info ] [ RUN ] app\index\controller\Index->index[ /home/lxx/lamp/apps/002/application/index/controller/Index.php ]
[ info ] [ VIEW ] /home/lxx/lamp/apps/002/htdocs/../application/index/view/index/index.html [ array (
  0 => 'copyright',
  1 => 'beian',
  2 => 'beian_url',
  3 => 'slide_background',
) ]
[ info ] [ LOG ] INIT File

---------------------------------------------------------------
[ 2017-03-26T02:22:13+08:00 ] 127.0.0.1 127.0.0.1 GET /static/index/js/maps/swiper.jquery.min.js.map
[ log ] 002.com:8080/static/index/js/maps/swiper.jquery.min.js.map [运行时间：0.003373s][吞吐率：296.46req/s] [内存消耗：275.54kb] [文件加载：45]
[ info ] [ LANG ] /home/lxx/lamp/apps/002/thinkphp/lang/zh-cn.php
[ info ] [ ROUTE ] array (
  'type' => 'module',
  'module' => 
  array (
    0 => 'static',
    1 => 'index',
    2 => 'js',
  ),
)
[ info ] [ HEADER ] array (
  'host' => '002.com:8080',
  'user-agent' => 'Mozilla/5.0 (X11; Linux x86_64; rv:45.0) Gecko/20100101 Firefox/45.0',
  'accept' => 'text/html,application/xhtml+xml,application/xml;q=0.9,*/*;q=0.8',
  'accept-language' => 'zh-CN,zh;q=0.8,en-US;q=0.5,en;q=0.3',
  'accept-encoding' => 'gzip, deflate',
  'cookie' => 'thinkphp_show_page_trace=0|0',
  'connection' => 'keep-alive',
  'pragma' => 'no-cache',
  'cache-control' => 'no-cache',
)
[ info ] [ PARAM ] array (
  'maps' => 'swiper.jquery.min.js.map',
)
[ info ] [ LOG ] INIT File

---------------------------------------------------------------
[ 2017-03-26T02:23:34+08:00 ] 127.0.0.1 127.0.0.1 GET /
[ log ] 002.com:8080/ [运行时间：0.005889s][吞吐率：169.81req/s] [内存消耗：415.17kb] [文件加载：52]
[ info ] [ LANG ] /home/lxx/lamp/apps/002/thinkphp/lang/zh-cn.php
[ info ] [ ROUTE ] array (
  'type' => 'module',
  'module' => 
  array (
    0 => '',
    1 => NULL,
    2 => NULL,
  ),
)
[ info ] [ HEADER ] array (
  'host' => '002.com:8080',
  'user-agent' => 'Mozilla/5.0 (X11; Linux x86_64; rv:45.0) Gecko/20100101 Firefox/45.0',
  'accept' => 'text/html,application/xhtml+xml,application/xml;q=0.9,*/*;q=0.8',
  'accept-language' => 'zh-CN,zh;q=0.8,en-US;q=0.5,en;q=0.3',
  'accept-encoding' => 'gzip, deflate',
  'cookie' => 'thinkphp_show_page_trace=0|0',
  'connection' => 'keep-alive',
  'cache-control' => 'max-age=0',
)
[ info ] [ PARAM ] array (
)
[ info ] [ RUN ] app\index\controller\Index->index[ /home/lxx/lamp/apps/002/application/index/controller/Index.php ]
[ info ] [ VIEW ] /home/lxx/lamp/apps/002/htdocs/../application/index/view/index/index.html [ array (
  0 => 'copyright',
  1 => 'beian',
  2 => 'beian_url',
  3 => 'slide_background',
) ]
[ info ] [ LOG ] INIT File

---------------------------------------------------------------
[ 2017-03-26T02:23:34+08:00 ] 127.0.0.1 127.0.0.1 GET /static/index/js/maps/swiper.jquery.min.js.map
[ log ] 002.com:8080/static/index/js/maps/swiper.jquery.min.js.map [运行时间：0.004829s][吞吐率：207.09req/s] [内存消耗：275.54kb] [文件加载：45]
[ info ] [ LANG ] /home/lxx/lamp/apps/002/thinkphp/lang/zh-cn.php
[ info ] [ ROUTE ] array (
  'type' => 'module',
  'module' => 
  array (
    0 => 'static',
    1 => 'index',
    2 => 'js',
  ),
)
[ info ] [ HEADER ] array (
  'host' => '002.com:8080',
  'user-agent' => 'Mozilla/5.0 (X11; Linux x86_64; rv:45.0) Gecko/20100101 Firefox/45.0',
  'accept' => 'text/html,application/xhtml+xml,application/xml;q=0.9,*/*;q=0.8',
  'accept-language' => 'zh-CN,zh;q=0.8,en-US;q=0.5,en;q=0.3',
  'accept-encoding' => 'gzip, deflate',
  'cookie' => 'thinkphp_show_page_trace=0|0',
  'connection' => 'keep-alive',
  'pragma' => 'no-cache',
  'cache-control' => 'no-cache',
)
[ info ] [ PARAM ] array (
  'maps' => 'swiper.jquery.min.js.map',
)
[ info ] [ LOG ] INIT File

---------------------------------------------------------------
[ 2017-03-26T02:23:44+08:00 ] 127.0.0.1 127.0.0.1 GET /
[ log ] 002.com:8080/ [运行时间：0.007386s][吞吐率：135.39req/s] [内存消耗：415.19kb] [文件加载：52]
[ info ] [ LANG ] /home/lxx/lamp/apps/002/thinkphp/lang/zh-cn.php
[ info ] [ ROUTE ] array (
  'type' => 'module',
  'module' => 
  array (
    0 => '',
    1 => NULL,
    2 => NULL,
  ),
)
[ info ] [ HEADER ] array (
  'host' => '002.com:8080',
  'user-agent' => 'Mozilla/5.0 (X11; Linux x86_64; rv:45.0) Gecko/20100101 Firefox/45.0',
  'accept' => 'text/html,application/xhtml+xml,application/xml;q=0.9,*/*;q=0.8',
  'accept-language' => 'zh-CN,zh;q=0.8,en-US;q=0.5,en;q=0.3',
  'accept-encoding' => 'gzip, deflate',
  'cookie' => 'thinkphp_show_page_trace=0|0',
  'connection' => 'keep-alive',
  'cache-control' => 'max-age=0',
)
[ info ] [ PARAM ] array (
)
[ info ] [ RUN ] app\index\controller\Index->index[ /home/lxx/lamp/apps/002/application/index/controller/Index.php ]
[ info ] [ VIEW ] /home/lxx/lamp/apps/002/htdocs/../application/index/view/index/index.html [ array (
  0 => 'copyright',
  1 => 'beian',
  2 => 'beian_url',
  3 => 'slide_background',
) ]
[ info ] [ LOG ] INIT File

---------------------------------------------------------------
[ 2017-03-26T02:23:44+08:00 ] 127.0.0.1 127.0.0.1 GET /static/index/js/maps/swiper.jquery.min.js.map
[ log ] 002.com:8080/static/index/js/maps/swiper.jquery.min.js.map [运行时间：0.002478s][吞吐率：403.53req/s] [内存消耗：275.52kb] [文件加载：45]
[ info ] [ LANG ] /home/lxx/lamp/apps/002/thinkphp/lang/zh-cn.php
[ info ] [ ROUTE ] array (
  'type' => 'module',
  'module' => 
  array (
    0 => 'static',
    1 => 'index',
    2 => 'js',
  ),
)
[ info ] [ HEADER ] array (
  'host' => '002.com:8080',
  'user-agent' => 'Mozilla/5.0 (X11; Linux x86_64; rv:45.0) Gecko/20100101 Firefox/45.0',
  'accept' => 'text/html,application/xhtml+xml,application/xml;q=0.9,*/*;q=0.8',
  'accept-language' => 'zh-CN,zh;q=0.8,en-US;q=0.5,en;q=0.3',
  'accept-encoding' => 'gzip, deflate',
  'cookie' => 'thinkphp_show_page_trace=0|0',
  'connection' => 'keep-alive',
  'pragma' => 'no-cache',
  'cache-control' => 'no-cache',
)
[ info ] [ PARAM ] array (
  'maps' => 'swiper.jquery.min.js.map',
)
[ info ] [ LOG ] INIT File

---------------------------------------------------------------
[ 2017-03-26T12:05:19+08:00 ] 127.0.0.1 127.0.0.1 GET /
[ log ] 002.com:8080/ [运行时间：0.079504s][吞吐率：12.58req/s] [内存消耗：428.93kb] [文件加载：52]
[ info ] [ LANG ] /home/lxx/lamp/apps/002/thinkphp/lang/zh-cn.php
[ info ] [ ROUTE ] array (
  'type' => 'module',
  'module' => 
  array (
    0 => '',
    1 => NULL,
    2 => NULL,
  ),
)
[ info ] [ HEADER ] array (
  'host' => '002.com:8080',
  'connection' => 'keep-alive',
  'cache-control' => 'max-age=0',
  'upgrade-insecure-requests' => '1',
  'user-agent' => 'Mozilla/5.0 (X11; Linux x86_64) AppleWebKit/537.36 (KHTML, like Gecko) Chrome/56.0.2924.87 Safari/537.36',
  'accept' => 'text/html,application/xhtml+xml,application/xml;q=0.9,image/webp,*/*;q=0.8',
  'accept-encoding' => 'gzip, deflate, sdch',
  'accept-language' => 'zh-CN,zh;q=0.8,en;q=0.6,zh-TW;q=0.4',
)
[ info ] [ PARAM ] array (
)
[ info ] [ RUN ] app\index\controller\Index->index[ /home/lxx/lamp/apps/002/application/index/controller/Index.php ]
[ info ] [ VIEW ] /home/lxx/lamp/apps/002/htdocs/../application/index/view/index/index.html [ array (
  0 => 'copyright',
  1 => 'beian',
  2 => 'beian_url',
  3 => 'slide_background',
) ]
[ info ] [ LOG ] INIT File

---------------------------------------------------------------
[ 2017-03-26T12:05:20+08:00 ] 127.0.0.1 127.0.0.1 GET /static/index/css/grid.css.map
[ log ] 002.com:8080/static/index/css/grid.css.map [运行时间：0.017575s][吞吐率：56.90req/s] [内存消耗：277.95kb] [文件加载：45]
[ info ] [ LANG ] /home/lxx/lamp/apps/002/thinkphp/lang/zh-cn.php
[ info ] [ ROUTE ] array (
  'type' => 'module',
  'module' => 
  array (
    0 => 'static',
    1 => 'index',
    2 => 'css',
  ),
)
[ info ] [ HEADER ] array (
  'host' => '002.com:8080',
  'connection' => 'keep-alive',
  'user-agent' => 'Mozilla/5.0 (X11; Linux x86_64) AppleWebKit/537.36 (KHTML, like Gecko) Chrome/56.0.2924.87 Safari/537.36',
  'accept-encoding' => 'gzip, deflate, sdch',
  'accept-language' => 'zh-CN,zh;q=0.8,en;q=0.6,zh-TW;q=0.4',
)
[ info ] [ PARAM ] array (
)
[ info ] [ LOG ] INIT File

---------------------------------------------------------------
[ 2017-03-26T12:05:20+08:00 ] 127.0.0.1 127.0.0.1 GET /static/index/js/maps/swiper.jquery.min.js.map
[ log ] 002.com:8080/static/index/js/maps/swiper.jquery.min.js.map [运行时间：0.009565s][吞吐率：104.55req/s] [内存消耗：274.60kb] [文件加载：45]
[ info ] [ LANG ] /home/lxx/lamp/apps/002/thinkphp/lang/zh-cn.php
[ info ] [ ROUTE ] array (
  'type' => 'module',
  'module' => 
  array (
    0 => 'static',
    1 => 'index',
    2 => 'js',
  ),
)
[ info ] [ HEADER ] array (
  'host' => '002.com:8080',
  'connection' => 'keep-alive',
  'user-agent' => 'Mozilla/5.0 (X11; Linux x86_64) AppleWebKit/537.36 (KHTML, like Gecko) Chrome/56.0.2924.87 Safari/537.36',
  'accept-encoding' => 'gzip, deflate, sdch',
  'accept-language' => 'zh-CN,zh;q=0.8,en;q=0.6,zh-TW;q=0.4',
)
[ info ] [ PARAM ] array (
  'maps' => 'swiper.jquery.min.js.map',
)
[ info ] [ LOG ] INIT File

---------------------------------------------------------------
[ 2017-03-26T12:05:27+08:00 ] 127.0.0.1 127.0.0.1 GET /static/index/js/maps/swiper.jquery.min.js.map
[ log ] 002.com:8080/static/index/js/maps/swiper.jquery.min.js.map [运行时间：0.003702s][吞吐率：270.13req/s] [内存消耗：274.84kb] [文件加载：45]
[ info ] [ LANG ] /home/lxx/lamp/apps/002/thinkphp/lang/zh-cn.php
[ info ] [ ROUTE ] array (
  'type' => 'module',
  'module' => 
  array (
    0 => 'static',
    1 => 'index',
    2 => 'js',
  ),
)
[ info ] [ HEADER ] array (
  'host' => '002.com:8080',
  'connection' => 'keep-alive',
  'user-agent' => 'Mozilla/5.0 (X11; Linux x86_64) AppleWebKit/537.36 (KHTML, like Gecko) Chrome/56.0.2924.87 Safari/537.36',
  'accept-encoding' => 'gzip, deflate, sdch',
  'accept-language' => 'zh-CN,zh;q=0.8,en;q=0.6,zh-TW;q=0.4',
  'cookie' => 'thinkphp_show_page_trace=0|0',
)
[ info ] [ PARAM ] array (
  'maps' => 'swiper.jquery.min.js.map',
)
[ info ] [ LOG ] INIT File

---------------------------------------------------------------
[ 2017-03-26T12:05:27+08:00 ] 127.0.0.1 127.0.0.1 GET /static/index/css/grid.css.map
[ log ] 002.com:8080/static/index/css/grid.css.map [运行时间：0.002320s][吞吐率：431.07req/s] [内存消耗：274.17kb] [文件加载：45]
[ info ] [ LANG ] /home/lxx/lamp/apps/002/thinkphp/lang/zh-cn.php
[ info ] [ ROUTE ] array (
  'type' => 'module',
  'module' => 
  array (
    0 => 'static',
    1 => 'index',
    2 => 'css',
  ),
)
[ info ] [ HEADER ] array (
  'host' => '002.com:8080',
  'connection' => 'keep-alive',
  'user-agent' => 'Mozilla/5.0 (X11; Linux x86_64) AppleWebKit/537.36 (KHTML, like Gecko) Chrome/56.0.2924.87 Safari/537.36',
  'accept-encoding' => 'gzip, deflate, sdch',
  'accept-language' => 'zh-CN,zh;q=0.8,en;q=0.6,zh-TW;q=0.4',
  'cookie' => 'thinkphp_show_page_trace=0|0',
)
[ info ] [ PARAM ] array (
)
[ info ] [ LOG ] INIT File

---------------------------------------------------------------
